<?xml version="1.0" encoding="utf-8"?><testsuites name="pytest tests"><testsuite name="pytest" errors="0" failures="0" skipped="0" tests="14" time="1.033" timestamp="2026-04-20T06:19:23.430999+00:00" hostname="agent-env-9f79e8d1-bb21-4761-a44a-58115e0fef84"><testcase classname="backend.tests.test_hr_workflow_api.TestAutomations" name="test_list_automations" time="0.127" /><testcase classname="backend.tests.test_hr_workflow_api.TestValidate" name="test_valid_graph" time="0.060" /><testcase classname="backend.tests.test_hr_workflow_api.TestValidate" name="test_invalid_no_start" time="0.063" /><testcase classname="backend.tests.test_hr_workflow_api.TestValidate" name="test_empty" time="0.044" /><testcase classname="backend.tests.test_hr_workflow_api.TestSimulate" name="test_simulate_success" time="0.055" /><testcase classname="backend.tests.test_hr_workflow_api.TestSimulate" name="test_simulate_invalid_returns_400" time="0.045" /><testcase classname="backend.tests.test_hr_workflow_api.TestWorkflowsCRUD" name="test_create_workflow" time="0.056" /><testcase classname="backend.tests.test_hr_workflow_api.TestWorkflowsCRUD" name="test_create_workflow_missing_name" time="0.045" /><testcase classname="backend.tests.test_hr_workflow_api.TestWorkflowsCRUD" name="test_list_workflows" time="0.053" /><testcase classname="backend.tests.test_hr_workflow_api.TestWorkflowsCRUD" name="test_get_workflow_by_id" time="0.047" /><testcase classname="backend.tests.test_hr_workflow_api.TestWorkflowsCRUD" name="test_get_missing_workflow_returns_404" time="0.049" /><testcase classname="backend.tests.test_hr_workflow_api.TestWorkflowsCRUD" name="test_update_workflow" time="0.102" /><testcase classname="backend.tests.test_hr_workflow_api.TestWorkflowsCRUD" name="test_delete_workflow" time="0.106" /><testcase classname="backend.tests.test_hr_workflow_api.TestWorkflowsCRUD" name="test_delete_missing_returns_404" time="0.050" /></testsuite></testsuites>